[INFO] Scanning for projects...
[INFO] 
[INFO] --------------------------< com.example:demo >--------------------------
[INFO] Building demo 0.0.1-SNAPSHOT
[INFO]   from pom.xml
[INFO] --------------------------------[ jar ]---------------------------------
[INFO] 
[INFO] >>> spring-boot:4.0.1:run (default-cli) > test-compile @ demo >>>
[INFO] 
[INFO] --- resources:3.3.1:resources (default-resources) @ demo ---
[INFO] Copying 1 resource from src/main/resources to target/classes
[INFO] Copying 0 resource from src/main/resources to target/classes
[INFO] 
[INFO] --- compiler:3.14.1:compile (default-compile) @ demo ---
[INFO] Nothing to compile - all classes are up to date.
[INFO] 
[INFO] --- resources:3.3.1:testResources (default-testResources) @ demo ---
[INFO] skip non existing resourceDirectory /Users/tod/Desktop/Projets/Ynov/M2/Coordination/demo/src/test/resources
[INFO] 
[INFO] --- compiler:3.14.1:testCompile (default-testCompile) @ demo ---
[INFO] No sources to compile
[INFO] 
[INFO] <<< spring-boot:4.0.1:run (default-cli) < test-compile @ demo <<<
[INFO] 
[INFO] 
[INFO] --- spring-boot:4.0.1:run (default-cli) @ demo ---
[INFO] Attaching agents: []

  .   ____          _            __ _ _
 /\\ / ___'_ __ _ _(_)_ __  __ _ \ \ \ \
( ( )\___ | '_ | '_| | '_ \/ _` | \ \ \ \
 \\/  ___)| |_)| | | | | || (_| |  ) ) ) )
  '  |____| .__|_| |_|_| |_\__, | / / / /
 =========|_|==============|___/=/_/_/_/

 :: Spring Boot ::                (v4.0.1)

2026-02-11T15:30:50.387+01:00  INFO 94809 --- [           main] com.example.demo.DemoApplication         : Starting DemoApplication using Java 25.0.2 with PID 94809 (/Users/tod/Desktop/Projets/Ynov/M2/Coordination/demo/target/classes started by tod in /Users/tod/Desktop/Projets/Ynov/M2/Coordination/demo)
2026-02-11T15:30:50.388+01:00  INFO 94809 --- [           main] com.example.demo.DemoApplication         : No active profile set, falling back to 1 default profile: "default"
2026-02-11T15:30:50.746+01:00  INFO 94809 --- [           main] .s.d.r.c.RepositoryConfigurationDelegate : Bootstrapping Spring Data JPA repositories in DEFAULT mode.
2026-02-11T15:30:50.773+01:00  INFO 94809 --- [           main] .s.d.r.c.RepositoryConfigurationDelegate : Finished Spring Data repository scanning in 22 ms. Found 4 JPA repository interfaces.
2026-02-11T15:30:51.035+01:00  INFO 94809 --- [           main] o.s.boot.tomcat.TomcatWebServer          : Tomcat initialized with port 9090 (http)
2026-02-11T15:30:51.050+01:00  INFO 94809 --- [           main] o.apache.catalina.core.StandardService   : Starting service [Tomcat]
2026-02-11T15:30:51.051+01:00  INFO 94809 --- [           main] o.apache.catalina.core.StandardEngine    : Starting Servlet engine: [Apache Tomcat/11.0.15]
2026-02-11T15:30:51.076+01:00  INFO 94809 --- [           main] b.w.c.s.WebApplicationContextInitializer : Root WebApplicationContext: initialization completed in 665 ms
2026-02-11T15:30:51.144+01:00  INFO 94809 --- [           main] com.zaxxer.hikari.HikariDataSource       : HikariPool-1 - Starting...
2026-02-11T15:30:51.230+01:00  INFO 94809 --- [           main] com.zaxxer.hikari.pool.HikariPool        : HikariPool-1 - Added connection conn0: url=jdbc:h2:mem:testdb user=SA
2026-02-11T15:30:51.231+01:00  INFO 94809 --- [           main] com.zaxxer.hikari.HikariDataSource       : HikariPool-1 - Start completed.
2026-02-11T15:30:51.245+01:00  INFO 94809 --- [           main] org.hibernate.orm.jpa                    : HHH008540: Processing PersistenceUnitInfo [name: default]
2026-02-11T15:30:51.270+01:00  INFO 94809 --- [           main] org.hibernate.orm.core                   : HHH000001: Hibernate ORM core version 7.2.0.Final
2026-02-11T15:30:51.447+01:00  INFO 94809 --- [           main] o.s.o.j.p.SpringPersistenceUnitInfo      : No LoadTimeWeaver setup: ignoring JPA class transformer
2026-02-11T15:30:51.470+01:00  WARN 94809 --- [           main] org.hibernate.orm.deprecation            : HHH90000025: H2Dialect does not need to be specified explicitly using 'hibernate.dialect' (remove the property setting and it will be selected by default)
2026-02-11T15:30:51.477+01:00  INFO 94809 --- [           main] org.hibernate.orm.connections.pooling    : HHH10001005: Database info:
	Database JDBC URL [jdbc:h2:mem:testdb]
	Database driver: H2 JDBC Driver
	Database dialect: H2Dialect
	Database version: 2.4.240
	Default catalog/schema: TESTDB/PUBLIC
	Autocommit mode: undefined/unknown
	Isolation level: READ_COMMITTED [default READ_COMMITTED]
	JDBC fetch size: 100
	Pool: DataSourceConnectionProvider
	Minimum pool size: undefined/unknown
	Maximum pool size: undefined/unknown
2026-02-11T15:30:51.936+01:00  INFO 94809 --- [           main] org.hibernate.orm.core                   : HHH000489: No JTA platform available (set 'hibernate.transaction.jta.platform' to enable JTA platform integration)
Hibernate: drop table if exists category cascade 
Hibernate: drop table if exists notes cascade 
Hibernate: drop table if exists roles cascade 
Hibernate: drop table if exists users cascade 
Hibernate: drop table if exists users_roles cascade 
Hibernate: create table category (id bigint generated by default as identity, name varchar(255), primary key (id))
Hibernate: create table notes (category_id bigint, id bigint generated by default as identity, content varchar(255), title varchar(255) not null, primary key (id))
Hibernate: create table roles (id bigint generated by default as identity, name varchar(255), primary key (id))
Hibernate: create table users (id bigint generated by default as identity, password varchar(255), username varchar(255), primary key (id))
Hibernate: create table users_roles (roles_id bigint not null, user_id bigint not null, primary key (roles_id, user_id))
Hibernate: alter table if exists notes add constraint FKcj0t34ccxr2h8f1lit50od4qi foreign key (category_id) references category
Hibernate: alter table if exists users_roles add constraint FKa62j07k5mhgifpp955h37ponj foreign key (roles_id) references roles
Hibernate: alter table if exists users_roles add constraint FK2o0jvgh89lemvvo17cbqvdxaa foreign key (user_id) references users
2026-02-11T15:30:51.961+01:00  INFO 94809 --- [           main] j.LocalContainerEntityManagerFactoryBean : Initialized JPA EntityManagerFactory for persistence unit 'default'
2026-02-11T15:30:53.091+01:00  INFO 94809 --- [           main] o.s.d.j.r.query.QueryEnhancerFactories   : Hibernate is in classpath; If applicable, HQL parser will be used.
2026-02-11T15:30:53.255+01:00  WARN 94809 --- [           main] JpaBaseConfiguration$JpaWebConfiguration : spring.jpa.open-in-view is enabled by default. Therefore, database queries may be performed during view rendering. Explicitly configure spring.jpa.open-in-view to disable this warning
2026-02-11T15:30:53.465+01:00  INFO 94809 --- [           main] o.s.b.h.a.H2ConsoleAutoConfiguration     : H2 console available at '/h2-console'. Database available at 'jdbc:h2:mem:testdb'
2026-02-11T15:30:53.486+01:00  INFO 94809 --- [           main] r$InitializeUserDetailsManagerConfigurer : Global AuthenticationManager configured with UserDetailsService bean with name userService
2026-02-11T15:30:53.588+01:00  INFO 94809 --- [           main] o.s.boot.tomcat.TomcatWebServer          : Tomcat started on port 9090 (http) with context path '/'
2026-02-11T15:30:53.592+01:00  INFO 94809 --- [           main] com.example.demo.DemoApplication         : Started DemoApplication in 3.36 seconds (process running for 3.526)
Hibernate: select r1_0.id,r1_0.name from roles r1_0 where r1_0.name=?
Hibernate: insert into roles (name,id) values (?,default)
Hibernate: select r1_0.id,r1_0.name from roles r1_0 where r1_0.name=?
Hibernate: insert into roles (name,id) values (?,default)
Hibernate: select u1_0.id,u1_0.password,u1_0.username from users u1_0 where u1_0.username=?
Hibernate: insert into users (password,username,id) values (?,?,default)
Hibernate: insert into users_roles (user_id,roles_id) values (?,?)
Hibernate: select u1_0.id,u1_0.password,u1_0.username from users u1_0 where u1_0.username=?
Hibernate: insert into users (password,username,id) values (?,?,default)
Hibernate: insert into users_roles (user_id,roles_id) values (?,?)
Hibernate: select c1_0.id,c1_0.name from category c1_0 where c1_0.name=?
Hibernate: insert into category (name,id) values (?,default)
Hibernate: select c1_0.id,c1_0.name from category c1_0 where c1_0.name=?
Hibernate: insert into category (name,id) values (?,default)
Hibernate: select count(*) from notes n1_0
Hibernate: insert into notes (category_id,content,title,id) values (?,?,?,default)
Hibernate: insert into notes (category_id,content,title,id) values (?,?,?,default)
Hibernate: insert into notes (category_id,content,title,id) values (?,?,?,default)
2026-02-11T15:30:54.035+01:00  WARN 94809 --- [           main] o.s.core.events.SpringDocAppInitializer  : SpringDoc /v3/api-docs endpoint is enabled by default. To disable it in production, set the property 'springdoc.api-docs.enabled=false'
2026-02-11T15:30:54.036+01:00  WARN 94809 --- [           main] o.s.core.events.SpringDocAppInitializer  : SpringDoc /swagger-ui.html endpoint is enabled by default. To disable it in production, set the property 'springdoc.swagger-ui.enabled=false'
2026-02-11T15:31:09.612+01:00  INFO 94809 --- [nio-9090-exec-1] o.a.c.c.C.[Tomcat].[localhost].[/]       : Initializing Spring DispatcherServlet 'dispatcherServlet'
2026-02-11T15:31:09.612+01:00  INFO 94809 --- [nio-9090-exec-1] o.s.web.servlet.DispatcherServlet        : Initializing Servlet 'dispatcherServlet'
2026-02-11T15:31:09.613+01:00  INFO 94809 --- [nio-9090-exec-1] o.s.web.servlet.DispatcherServlet        : Completed initialization in 1 ms
2026-02-11T16:59:46.528+01:00  WARN 94809 --- [l-1:housekeeper] com.zaxxer.hikari.pool.HikariPool        : HikariPool-1 - Thread starvation or clock leap detected (housekeeper delta=54s669ms).
2026-02-11T17:09:14.282+01:00  WARN 94809 --- [l-1:housekeeper] com.zaxxer.hikari.pool.HikariPool        : HikariPool-1 - Thread starvation or clock leap detected (housekeeper delta=51s963ms).
2026-02-11T17:11:25.705+01:00  WARN 94809 --- [l-1:housekeeper] com.zaxxer.hikari.pool.HikariPool        : HikariPool-1 - Thread starvation or clock leap detected (housekeeper delta=1m1s480ms).
2026-02-11T17:12:55.517+01:00  WARN 94809 --- [l-1:housekeeper] com.zaxxer.hikari.pool.HikariPool        : HikariPool-1 - Thread starvation or clock leap detected (housekeeper delta=48s827ms).
2026-02-11T17:15:26.814+01:00  WARN 94809 --- [l-1:housekeeper] com.zaxxer.hikari.pool.HikariPool        : HikariPool-1 - Thread starvation or clock leap detected (housekeeper delta=46s881ms).
2026-02-11T17:17:32.452+01:00  WARN 94809 --- [l-1:housekeeper] com.zaxxer.hikari.pool.HikariPool        : HikariPool-1 - Thread starvation or clock leap detected (housekeeper delta=51s625ms).
2026-02-11T17:19:01.457+01:00  WARN 94809 --- [l-1:housekeeper] com.zaxxer.hikari.pool.HikariPool        : HikariPool-1 - Thread starvation or clock leap detected (housekeeper delta=47s386ms).
2026-02-11T17:45:33.901+01:00  WARN 94809 --- [l-1:housekeeper] com.zaxxer.hikari.pool.HikariPool        : HikariPool-1 - Thread starvation or clock leap detected (housekeeper delta=18m48s359ms).
2026-02-11T17:58:48.144+01:00  WARN 94809 --- [l-1:housekeeper] com.zaxxer.hikari.pool.HikariPool        : HikariPool-1 - Thread starvation or clock leap detected (housekeeper delta=13m14s243ms).
2026-02-11T18:30:06.015+01:00  WARN 94809 --- [l-1:housekeeper] com.zaxxer.hikari.pool.HikariPool        : HikariPool-1 - Thread starvation or clock leap detected (housekeeper delta=31m17s871ms).
2026-02-11T18:31:16.948+01:00  WARN 94809 --- [l-1:housekeeper] com.zaxxer.hikari.pool.HikariPool        : HikariPool-1 - Thread starvation or clock leap detected (housekeeper delta=1m10s933ms).
2026-02-11T18:38:45.523+01:00  WARN 94809 --- [l-1:housekeeper] com.zaxxer.hikari.pool.HikariPool        : HikariPool-1 - Thread starvation or clock leap detected (housekeeper delta=7m28s575ms).
2026-02-11T18:45:28.193+01:00  WARN 94809 --- [l-1:housekeeper] com.zaxxer.hikari.pool.HikariPool        : HikariPool-1 - Thread starvation or clock leap detected (housekeeper delta=6m12s309ms).
2026-02-11T19:16:24.190+01:00  WARN 94809 --- [l-1:housekeeper] com.zaxxer.hikari.pool.HikariPool        : HikariPool-1 - Thread starvation or clock leap detected (housekeeper delta=30m55s997ms).
2026-02-11T19:47:40.932+01:00  WARN 94809 --- [l-1:housekeeper] com.zaxxer.hikari.pool.HikariPool        : HikariPool-1 - Thread starvation or clock leap detected (housekeeper delta=31m16s742ms).
2026-02-11T20:18:01.678+01:00  WARN 94809 --- [l-1:housekeeper] com.zaxxer.hikari.pool.HikariPool        : HikariPool-1 - Thread starvation or clock leap detected (housekeeper delta=30m20s746ms).
2026-02-11T20:56:03.303+01:00  WARN 94809 --- [l-1:housekeeper] com.zaxxer.hikari.pool.HikariPool        : HikariPool-1 - Thread starvation or clock leap detected (housekeeper delta=38m1s625ms).
2026-02-11T22:02:48.984+01:00  WARN 94809 --- [l-1:housekeeper] com.zaxxer.hikari.pool.HikariPool        : HikariPool-1 - Thread starvation or clock leap detected (housekeeper delta=1h6m45s681ms).
2026-02-11T22:31:44.822+01:00  WARN 94809 --- [l-1:housekeeper] com.zaxxer.hikari.pool.HikariPool        : HikariPool-1 - Thread starvation or clock leap detected (housekeeper delta=28m55s838ms).
2026-02-11T23:23:05.177+01:00  WARN 94809 --- [l-1:housekeeper] com.zaxxer.hikari.pool.HikariPool        : HikariPool-1 - Thread starvation or clock leap detected (housekeeper delta=51m20s355ms).
2026-02-12T00:39:38.361+01:00  WARN 94809 --- [l-1:housekeeper] com.zaxxer.hikari.pool.HikariPool        : HikariPool-1 - Thread starvation or clock leap detected (housekeeper delta=1h16m33s184ms).
2026-02-12T00:58:22.249+01:00  WARN 94809 --- [l-1:housekeeper] com.zaxxer.hikari.pool.HikariPool        : HikariPool-1 - Thread starvation or clock leap detected (housekeeper delta=18m43s888ms).
2026-02-12T02:09:14.074+01:00  WARN 94809 --- [l-1:housekeeper] com.zaxxer.hikari.pool.HikariPool        : HikariPool-1 - Thread starvation or clock leap detected (housekeeper delta=1h10m51s825ms).
2026-02-12T03:46:20.053+01:00  WARN 94809 --- [l-1:housekeeper] com.zaxxer.hikari.pool.HikariPool        : HikariPool-1 - Thread starvation or clock leap detected (housekeeper delta=1h37m5s979ms).
2026-02-12T04:53:03.352+01:00  WARN 94809 --- [l-1:housekeeper] com.zaxxer.hikari.pool.HikariPool        : HikariPool-1 - Thread starvation or clock leap detected (housekeeper delta=1h6m43s298ms).
2026-02-12T05:59:03.519+01:00  WARN 94809 --- [l-1:housekeeper] com.zaxxer.hikari.pool.HikariPool        : HikariPool-1 - Thread starvation or clock leap detected (housekeeper delta=1h6m168ms).
2026-02-12T07:37:06.642+01:00  WARN 94809 --- [l-1:housekeeper] com.zaxxer.hikari.pool.HikariPool        : HikariPool-1 - Thread starvation or clock leap detected (housekeeper delta=1h38m3s123ms).
2026-02-12T07:54:39.640+01:00  WARN 94809 --- [l-1:housekeeper] com.zaxxer.hikari.pool.HikariPool        : HikariPool-1 - Thread starvation or clock leap detected (housekeeper delta=17m32s998ms).
2026-02-12T08:03:50.455+01:00  WARN 94809 --- [l-1:housekeeper] com.zaxxer.hikari.pool.HikariPool        : HikariPool-1 - Thread starvation or clock leap detected (housekeeper delta=9m10s815ms).
2026-02-12T08:13:38.391+01:00  WARN 94809 --- [l-1:housekeeper] com.zaxxer.hikari.pool.HikariPool        : HikariPool-1 - Thread starvation or clock leap detected (housekeeper delta=9m47s935ms).
2026-02-12T08:14:53.181+01:00  WARN 94809 --- [l-1:housekeeper] com.zaxxer.hikari.pool.HikariPool        : HikariPool-1 - Thread starvation or clock leap detected (housekeeper delta=1m14s791ms).
2026-02-12T08:35:53.991+01:00  WARN 94809 --- [l-1:housekeeper] com.zaxxer.hikari.pool.HikariPool        : HikariPool-1 - Thread starvation or clock leap detected (housekeeper delta=21m810ms).
2026-02-12T08:41:29.975+01:00  WARN 94809 --- [l-1:housekeeper] com.zaxxer.hikari.pool.HikariPool        : HikariPool-1 - Thread starvation or clock leap detected (housekeeper delta=53s196ms).
2026-02-12T08:43:08.044+01:00  WARN 94809 --- [l-1:housekeeper] com.zaxxer.hikari.pool.HikariPool        : HikariPool-1 - Thread starvation or clock leap detected (housekeeper delta=1m1s924ms).
2026-02-12T08:45:13.206+01:00  WARN 94809 --- [l-1:housekeeper] com.zaxxer.hikari.pool.HikariPool        : HikariPool-1 - Thread starvation or clock leap detected (housekeeper delta=45s233ms).
2026-02-12T08:46:54.327+01:00  WARN 94809 --- [l-1:housekeeper] com.zaxxer.hikari.pool.HikariPool        : HikariPool-1 - Thread starvation or clock leap detected (housekeeper delta=1m41s121ms).
2026-02-12T08:48:28.447+01:00  WARN 94809 --- [l-1:housekeeper] com.zaxxer.hikari.pool.HikariPool        : HikariPool-1 - Thread starvation or clock leap detected (housekeeper delta=1m34s120ms).
2026-02-12T08:49:48.500+01:00  WARN 94809 --- [l-1:housekeeper] com.zaxxer.hikari.pool.HikariPool        : HikariPool-1 - Thread starvation or clock leap detected (housekeeper delta=1m20s53ms).
2026-02-12T08:51:23.301+01:00  WARN 94809 --- [l-1:housekeeper] com.zaxxer.hikari.pool.HikariPool        : HikariPool-1 - Thread starvation or clock leap detected (housekeeper delta=1m34s801ms).
2026-02-12T09:02:56.523+01:00  WARN 94809 --- [l-1:housekeeper] com.zaxxer.hikari.pool.HikariPool        : HikariPool-1 - Thread starvation or clock leap detected (housekeeper delta=1m3s121ms).
2026-02-12T09:12:57.338+01:00  INFO 94809 --- [ionShutdownHook] o.s.boot.tomcat.GracefulShutdown         : Commencing graceful shutdown. Waiting for active requests to complete
2026-02-12T09:12:57.407+01:00  INFO 94809 --- [tomcat-shutdown] o.s.boot.tomcat.GracefulShutdown         : Graceful shutdown complete
2026-02-12T09:12:57.414+01:00  INFO 94809 --- [ionShutdownHook] j.LocalContainerEntityManagerFactoryBean : Closing JPA EntityManagerFactory for persistence unit 'default'
Hibernate: drop table if exists category cascade 
Hibernate: drop table if exists notes cascade 
Hibernate: drop table if exists roles cascade 
Hibernate: drop table if exists users cascade 
Hibernate: drop table if exists users_roles cascade 
2026-02-12T09:12:57.425+01:00  INFO 94809 --- [ionShutdownHook] com.zaxxer.hikari.HikariDataSource       : HikariPool-1 - Shutdown initiated...
2026-02-12T09:12:57.427+01:00  INFO 94809 --- [ionShutdownHook] com.zaxxer.hikari.HikariDataSource       : HikariPool-1 - Shutdown completed.
